# JRE version: Java(TM) SE Runtime Environment (8.0_231-b11) (build 1.8.0_231-b11)
# Java VM: Java HotSpot(TM) 64-Bit Server VM (25.231-b11 mixed mode windows-amd64 compressed oops)
Heap:
 PSYoungGen      total 387584K, used 185018K [0x00000000e0000000, 0x0000000100000000, 0x0000000100000000)
  eden space 253440K, 38% used [0x00000000e0000000,0x00000000e5eef618,0x00000000ef780000)
  from space 134144K, 65% used [0x00000000f7b80000,0x00000000fd13f578,0x00000000ffe80000)
  to   space 135168K, 0% used [0x00000000ef780000,0x00000000ef780000,0x00000000f7b80000)
 ParOldGen       total 223232K, used 193447K [0x00000000a0000000, 0x00000000ada00000, 0x00000000e0000000)
  object space 223232K, 86% used [0x00000000a0000000,0x00000000abce9d08,0x00000000ada00000)
 Metaspace       used 153307K, capacity 163017K, committed 163200K, reserved 1189888K
  class space    used 19992K, capacity 21853K, committed 21888K, reserved 1048576K
GC Heap History (10 events):
Event: 1602.174 GC heap before
{Heap before GC invocations=44 (full 4):
 PSYoungGen      total 333824K, used 273973K [0x00000000e0000000, 0x00000000fec00000, 0x0000000100000000)
  eden space 189952K, 100% used [0x00000000e0000000,0x00000000eb980000,0x00000000eb980000)
  from space 143872K, 58% used [0x00000000eb980000,0x00000000f0b8d6b8,0x00000000f4600000)
  to   space 143872K, 0% used [0x00000000f5f80000,0x00000000f5f80000,0x00000000fec00000)
 ParOldGen       total 223232K, used 158523K [0x00000000a0000000, 0x00000000ada00000, 0x00000000e0000000)
  object space 223232K, 71% used [0x00000000a0000000,0x00000000a9acee50,0x00000000ada00000)
 Metaspace       used 137806K, capacity 145131K, committed 145280K, reserved 1175552K
  class space    used 17848K, capacity 19327K, committed 19328K, reserved 1048576K
Event: 1602.308 GC heap after
Heap after GC invocations=44 (full 4):
 PSYoungGen      total 353792K, used 83698K [0x00000000e0000000, 0x00000000fe880000, 0x0000000100000000)
  eden space 213504K, 0% used [0x00000000e0000000,0x00000000e0000000,0x00000000ed080000)
  from space 140288K, 59% used [0x00000000f5f80000,0x00000000fb13c868,0x00000000fe880000)
  to   space 143360K, 0% used [0x00000000ed080000,0x00000000ed080000,0x00000000f5c80000)
 ParOldGen       total 223232K, used 164470K [0x00000000a0000000, 0x00000000ada00000, 0x00000000e0000000)
  object space 223232K, 73% used [0x00000000a0000000,0x00000000aa09daa8,0x00000000ada00000)
 Metaspace       used 137806K, capacity 145131K, committed 145280K, reserved 1175552K
  class space    used 17848K, capacity 19327K, committed 19328K, reserved 1048576K
}
Event: 1625.115 GC heap before
{Heap before GC invocations=45 (full 4):
 PSYoungGen      total 353792K, used 297202K [0x00000000e0000000, 0x00000000fe880000, 0x0000000100000000)
  eden space 213504K, 100% used [0x00000000e0000000,0x00000000ed080000,0x00000000ed080000)
  from space 140288K, 59% used [0x00000000f5f80000,0x00000000fb13c868,0x00000000fe880000)
  to   space 143360K, 0% used [0x00000000ed080000,0x00000000ed080000,0x00000000f5c80000)
 ParOldGen       total 223232K, used 164470K [0x00000000a0000000, 0x00000000ada00000, 0x00000000e0000000)
  object space 223232K, 73% used [0x00000000a0000000,0x00000000aa09daa8,0x00000000ada00000)
 Metaspace       used 142123K, capacity 150383K, committed 150528K, reserved 1179648K
  class space    used 18557K, capacity 20182K, committed 20224K, reserved 1048576K
Event: 1625.236 GC heap after
Heap after GC invocations=45 (full 4):
 PSYoungGen      total 356864K, used 61600K [0x00000000e0000000, 0x00000000fef80000, 0x0000000100000000)
  eden space 213504K, 0% used [0x00000000e0000000,0x00000000e0000000,0x00000000ed080000)
  from space 143360K, 42% used [0x00000000ed080000,0x00000000f0ca8040,0x00000000f5c80000)
  to   space 136192K, 0% used [0x00000000f6a80000,0x00000000f6a80000,0x00000000fef80000)
 ParOldGen       total 223232K, used 193423K [0x00000000a0000000, 0x00000000ada00000, 0x00000000e0000000)
  object space 223232K, 86% used [0x00000000a0000000,0x00000000abce3d08,0x00000000ada00000)
 Metaspace       used 142123K, capacity 150383K, committed 150528K, reserved 1179648K
  class space    used 18557K, capacity 20182K, committed 20224K, reserved 1048576K
}
Event: 1646.758 GC heap before
{Heap before GC invocations=46 (full 4):
 PSYoungGen      total 356864K, used 275104K [0x00000000e0000000, 0x00000000fef80000, 0x0000000100000000)
  eden space 213504K, 100% used [0x00000000e0000000,0x00000000ed080000,0x00000000ed080000)
  from space 143360K, 42% used [0x00000000ed080000,0x00000000f0ca8040,0x00000000f5c80000)
  to   space 136192K, 0% used [0x00000000f6a80000,0x00000000f6a80000,0x00000000fef80000)
 ParOldGen       total 223232K, used 193423K [0x00000000a0000000, 0x00000000ada00000, 0x00000000e0000000)
  object space 223232K, 86% used [0x00000000a0000000,0x00000000abce3d08,0x00000000ada00000)
 Metaspace       used 145390K, capacity 153807K, committed 153984K, reserved 1183744K
  class space    used 18856K, capacity 20564K, committed 20608K, reserved 1048576K
Event: 1646.907 GC heap after
Heap after GC invocations=46 (full 4):
 PSYoungGen      total 355840K, used 61991K [0x00000000e0000000, 0x00000000fe180000, 0x0000000100000000)
  eden space 233984K, 0% used [0x00000000e0000000,0x00000000e0000000,0x00000000ee480000)
  from space 121856K, 50% used [0x00000000f6a80000,0x00000000fa709c00,0x00000000fe180000)
  to   space 129536K, 0% used [0x00000000ee480000,0x00000000ee480000,0x00000000f6300000)
 ParOldGen       total 223232K, used 193431K [0x00000000a0000000, 0x00000000ada00000, 0x00000000e0000000)
  object space 223232K, 86% used [0x00000000a0000000,0x00000000abce5d08,0x00000000ada00000)
 Metaspace       used 145390K, capacity 153807K, committed 153984K, reserved 1183744K
  class space    used 18856K, capacity 20564K, committed 20608K, reserved 1048576K
}
Event: 1674.242 GC heap before
{Heap before GC invocations=47 (full 4):
 PSYoungGen      total 355840K, used 295975K [0x00000000e0000000, 0x00000000fe180000, 0x0000000100000000)
  eden space 233984K, 100% used [0x00000000e0000000,0x00000000ee480000,0x00000000ee480000)
  from space 121856K, 50% used [0x00000000f6a80000,0x00000000fa709c00,0x00000000fe180000)
  to   space 129536K, 0% used [0x00000000ee480000,0x00000000ee480000,0x00000000f6300000)
 ParOldGen       total 223232K, used 193431K [0x00000000a0000000, 0x00000000ada00000, 0x00000000e0000000)
  object space 223232K, 86% used [0x00000000a0000000,0x00000000abce5d08,0x00000000ada00000)
 Metaspace       used 147794K, capacity 156519K, committed 156672K, reserved 1185792K
  class space    used 19221K, capacity 20950K, committed 20992K, reserved 1048576K
Event: 1674.394 GC heap after
Heap after GC invocations=47 (full 4):
 PSYoungGen      total 363520K, used 94169K [0x00000000e0000000, 0x00000000ffe80000, 0x0000000100000000)
  eden space 233984K, 0% used [0x00000000e0000000,0x00000000e0000000,0x00000000ee480000)
  from space 129536K, 72% used [0x00000000ee480000,0x00000000f4076450,0x00000000f6300000)
  to   space 134144K, 0% used [0x00000000f7b80000,0x00000000f7b80000,0x00000000ffe80000)
 ParOldGen       total 223232K, used 193439K [0x00000000a0000000, 0x00000000ada00000, 0x00000000e0000000)
  object space 223232K, 86% used [0x00000000a0000000,0x00000000abce7d08,0x00000000ada00000)
 Metaspace       used 147794K, capacity 156519K, committed 156672K, reserved 1185792K
  class space    used 19221K, capacity 20950K, committed 20992K, reserved 1048576K
}
Event: 1687.462 GC heap before
{Heap before GC invocations=48 (full 4):
 PSYoungGen      total 363520K, used 328153K [0x00000000e0000000, 0x00000000ffe80000, 0x0000000100000000)
  eden space 233984K, 100% used [0x00000000e0000000,0x00000000ee480000,0x00000000ee480000)
  from space 129536K, 72% used [0x00000000ee480000,0x00000000f4076450,0x00000000f6300000)
  to   space 134144K, 0% used [0x00000000f7b80000,0x00000000f7b80000,0x00000000ffe80000)
 ParOldGen       total 223232K, used 193439K [0x00000000a0000000, 0x00000000ada00000, 0x00000000e0000000)
  object space 223232K, 86% used [0x00000000a0000000,0x00000000abce7d08,0x00000000ada00000)
 Metaspace       used 152762K, capacity 162437K, committed 162688K, reserved 1189888K
  class space    used 19958K, capacity 21811K, committed 21888K, reserved 1048576K
Event: 1687.673 GC heap after
Heap after GC invocations=48 (full 4):
 PSYoungGen      total 387584K, used 87805K [0x00000000e0000000, 0x0000000100000000, 0x0000000100000000)
  eden space 253440K, 0% used [0x00000000e0000000,0x00000000e0000000,0x00000000ef780000)
  from space 134144K, 65% used [0x00000000f7b80000,0x00000000fd13f578,0x00000000ffe80000)
  to   space 135168K, 0% used [0x00000000ef780000,0x00000000ef780000,0x00000000f7b80000)
 ParOldGen       total 223232K, used 193447K [0x00000000a0000000, 0x00000000ada00000, 0x00000000e0000000)
  object space 223232K, 86% used [0x00000000a0000000,0x00000000abce9d08,0x00000000ada00000)
 Metaspace       used 152762K, capacity 162437K, committed 162688K, reserved 1189888K
  class space    used 19958K, capacity 21811K, committed 21888K, reserved 1048576K
}

